This file contains any messages produced by compilers while
running configure, to aid debugging if configure makes a mistake.

It was created by sockstress configure 0.0.5, which was
generated by GNU Autoconf 2.60.  Invocation command line was

  $ ./configure --prefix=/usr

## --------- ##
## Platform. ##
## --------- ##

hostname = proton.srlabs.de
uname -m = x86_64
uname -r = 4.4.8-300.fc23.x86_64
uname -s = Linux
uname -v = #1 SMP Wed Apr 20 16:59:27 UTC 2016

/usr/bin/uname -p = x86_64
/bin/uname -X     = unknown

/bin/arch              = x86_64
/usr/bin/arch -k       = unknown
/usr/convex/getsysinfo = unknown
/usr/bin/hostinfo      = unknown
/bin/machine           = unknown
/usr/bin/oslevel       = unknown
/bin/universe          = unknown

PATH: /usr/local/bin
PATH: /bin
PATH: /usr/bin
PATH: /usr/local/sbin
PATH: /usr/sbin
PATH: /sbin


## ----------- ##
## Core tests. ##
## ----------- ##

configure:1566: loading site script /usr/share/config.site
| # This is the config.site file to satisfy FHS defaults when installing below
| # /usr.
| #
| # You may override this file by your config.site using the CONFIG_SITE env
| # variable.
| #
| # Note: This file includes also RHEL/Fedora fix for installing libraries into
| # "/lib/lib64" on 64bit systems.
| 
| if test -n "$host"; then
|     # skip when cross-compiling
|     return 0
| fi
| 
| if test "$prefix" = /usr \
|    || { test "$prefix" = NONE && test "$ac_default_prefix" = /usr ; }
| then
|     test "$sysconfdir" = '${prefix}/etc' && sysconfdir=/etc
|     test "$sharedstatedir" = '${prefix}/com' && sharedstatedir=/var
|     test "$localstatedir" = '${prefix}/var' && localstatedir=/var
| 
|     ARCH=`uname -m`
|     for i in x86_64 ppc64 s390x aarch64; do
|         if test $ARCH = $i; then
|             test "$libdir" = '${exec_prefix}/lib' && libdir='${exec_prefix}/lib64'
|             break
|         fi
|     done
| fi
configure:1723: checking for gcc
configure:1739: found /bin/gcc
configure:1750: result: gcc
configure:1988: checking for C compiler version
configure:1995: gcc --version >&5
gcc (GCC) 5.3.1 20160406 (Red Hat 5.3.1-6)
Copyright (C) 2015 Free Software Foundation, Inc.
This is free software; see the source for copying conditions.  There is NO
warranty; not even for MERCHANTABILITY or FITNESS FOR A PARTICULAR PURPOSE.

configure:1998: $? = 0
configure:2005: gcc -v >&5
Using built-in specs.
COLLECT_GCC=gcc
COLLECT_LTO_WRAPPER=/usr/libexec/gcc/x86_64-redhat-linux/5.3.1/lto-wrapper
Target: x86_64-redhat-linux
Configured with: ../configure --enable-bootstrap --enable-languages=c,c++,objc,obj-c++,fortran,ada,go,lto --prefix=/usr --mandir=/usr/share/man --infodir=/usr/share/info --with-bugurl=http://bugzilla.redhat.com/bugzilla --enable-shared --enable-threads=posix --enable-checking=release --enable-multilib --with-system-zlib --enable-__cxa_atexit --disable-libunwind-exceptions --enable-gnu-unique-object --enable-linker-build-id --with-linker-hash-style=gnu --enable-plugin --enable-initfini-array --disable-libgcj --with-isl --enable-libmpx --enable-gnu-indirect-function --with-tune=generic --with-arch_32=i686 --build=x86_64-redhat-linux
Thread model: posix
gcc version 5.3.1 20160406 (Red Hat 5.3.1-6) (GCC) 
configure:2008: $? = 0
configure:2015: gcc -V >&5
gcc: error: unrecognized command line option '-V'
gcc: fatal error: no input files
compilation terminated.
configure:2018: $? = 1
configure:2041: checking for C compiler default output file name
configure:2068: gcc -O3 -g -march=native   conftest.c  >&5
configure:2071: $? = 0
configure:2117: result: a.out
configure:2122: checking whether the C compiler works
configure:2132: ./a.out
configure:2135: $? = 0
configure:2152: result: yes
configure:2159: checking whether we are cross compiling
configure:2161: result: no
configure:2164: checking for suffix of executables
configure:2171: gcc -o conftest -O3 -g -march=native   conftest.c  >&5
configure:2174: $? = 0
configure:2198: result: 
configure:2204: checking for suffix of object files
configure:2230: gcc -c -O3 -g -march=native  conftest.c >&5
configure:2233: $? = 0
configure:2256: result: o
configure:2260: checking whether we are using the GNU C compiler
configure:2289: gcc -c -O3 -g -march=native  conftest.c >&5
configure:2295: $? = 0
configure:2302: test -z "$ac_c_werror_flag" || test ! -s conftest.err
configure:2305: $? = 0
configure:2312: test -s conftest.o
configure:2315: $? = 0
configure:2329: result: yes
configure:2334: checking whether gcc accepts -g
configure:2364: gcc -c -g  conftest.c >&5
configure:2370: $? = 0
configure:2377: test -z "$ac_c_werror_flag" || test ! -s conftest.err
configure:2380: $? = 0
configure:2387: test -s conftest.o
configure:2390: $? = 0
configure:2520: result: yes
configure:2537: checking for gcc option to accept ISO C89
configure:2611: gcc  -c -O3 -g -march=native  conftest.c >&5
configure:2617: $? = 0
configure:2624: test -z "$ac_c_werror_flag" || test ! -s conftest.err
configure:2627: $? = 0
configure:2634: test -s conftest.o
configure:2637: $? = 0
configure:2657: result: none needed
configure:2675: checking whether make sets $(MAKE)
configure:2696: result: yes
configure:2748: checking for ranlib
configure:2764: found /bin/ranlib
configure:2775: result: ranlib
configure:2805: checking for pcap_inject in -lpcap
configure:2840: gcc -o conftest -O3 -g -march=native   conftest.c -lpcap   >&5
configure:2846: $? = 0
configure:2853: test -z "$ac_c_werror_flag" || test ! -s conftest.err
configure:2856: $? = 0
configure:2863: test -s conftest
configure:2866: $? = 0
configure:2880: result: yes
configure:2898: checking how to run the C preprocessor
configure:2938: gcc -E  conftest.c
configure:2944: $? = 0
configure:2982: gcc -E  conftest.c
conftest.c:9:28: fatal error: ac_nonexistent.h: No such file or directory
compilation terminated.
configure:2988: $? = 1
configure: failed program was:
| /* confdefs.h.  */
| #define PACKAGE_NAME "sockstress"
| #define PACKAGE_TARNAME "sockstress"
| #define PACKAGE_VERSION "0.0.5"
| #define PACKAGE_STRING "sockstress 0.0.5"
| #define PACKAGE_BUGREPORT "root@localhost"
| #define HAVE_LIBPCAP 1
| /* end confdefs.h.  */
| #include <ac_nonexistent.h>
configure:3028: result: gcc -E
configure:3057: gcc -E  conftest.c
configure:3063: $? = 0
configure:3101: gcc -E  conftest.c
conftest.c:9:28: fatal error: ac_nonexistent.h: No such file or directory
compilation terminated.
configure:3107: $? = 1
configure: failed program was:
| /* confdefs.h.  */
| #define PACKAGE_NAME "sockstress"
| #define PACKAGE_TARNAME "sockstress"
| #define PACKAGE_VERSION "0.0.5"
| #define PACKAGE_STRING "sockstress 0.0.5"
| #define PACKAGE_BUGREPORT "root@localhost"
| #define HAVE_LIBPCAP 1
| /* end confdefs.h.  */
| #include <ac_nonexistent.h>
configure:3152: checking for grep that handles long lines and -e
configure:3226: result: /bin/grep
configure:3231: checking for egrep
configure:3309: result: /bin/grep -E
configure:3314: checking for ANSI C header files
configure:3344: gcc -c -O3 -g -march=native  conftest.c >&5
configure:3350: $? = 0
configure:3357: test -z "$ac_c_werror_flag" || test ! -s conftest.err
configure:3360: $? = 0
configure:3367: test -s conftest.o
configure:3370: $? = 0
configure:3466: gcc -o conftest -O3 -g -march=native   conftest.c -lpcap  >&5
configure:3469: $? = 0
configure:3475: ./conftest
configure:3478: $? = 0
configure:3495: result: yes
configure:3519: checking for sys/types.h
configure:3540: gcc -c -O3 -g -march=native  conftest.c >&5
configure:3546: $? = 0
configure:3553: test -z "$ac_c_werror_flag" || test ! -s conftest.err
configure:3556: $? = 0
configure:3563: test -s conftest.o
configure:3566: $? = 0
configure:3579: result: yes
configure:3519: checking for sys/stat.h
configure:3540: gcc -c -O3 -g -march=native  conftest.c >&5
configure:3546: $? = 0
configure:3553: test -z "$ac_c_werror_flag" || test ! -s conftest.err
configure:3556: $? = 0
configure:3563: test -s conftest.o
configure:3566: $? = 0
configure:3579: result: yes
configure:3519: checking for stdlib.h
configure:3540: gcc -c -O3 -g -march=native  conftest.c >&5
configure:3546: $? = 0
configure:3553: test -z "$ac_c_werror_flag" || test ! -s conftest.err
configure:3556: $? = 0
configure:3563: test -s conftest.o
configure:3566: $? = 0
configure:3579: result: yes
configure:3519: checking for string.h
configure:3540: gcc -c -O3 -g -march=native  conftest.c >&5
configure:3546: $? = 0
configure:3553: test -z "$ac_c_werror_flag" || test ! -s conftest.err
configure:3556: $? = 0
configure:3563: test -s conftest.o
configure:3566: $? = 0
configure:3579: result: yes
configure:3519: checking for memory.h
configure:3540: gcc -c -O3 -g -march=native  conftest.c >&5
configure:3546: $? = 0
configure:3553: test -z "$ac_c_werror_flag" || test ! -s conftest.err
configure:3556: $? = 0
configure:3563: test -s conftest.o
configure:3566: $? = 0
configure:3579: result: yes
configure:3519: checking for strings.h
configure:3540: gcc -c -O3 -g -march=native  conftest.c >&5
configure:3546: $? = 0
configure:3553: test -z "$ac_c_werror_flag" || test ! -s conftest.err
configure:3556: $? = 0
configure:3563: test -s conftest.o
configure:3566: $? = 0
configure:3579: result: yes
configure:3519: checking for inttypes.h
configure:3540: gcc -c -O3 -g -march=native  conftest.c >&5
configure:3546: $? = 0
configure:3553: test -z "$ac_c_werror_flag" || test ! -s conftest.err
configure:3556: $? = 0
configure:3563: test -s conftest.o
configure:3566: $? = 0
configure:3579: result: yes
configure:3519: checking for stdint.h
configure:3540: gcc -c -O3 -g -march=native  conftest.c >&5
configure:3546: $? = 0
configure:3553: test -z "$ac_c_werror_flag" || test ! -s conftest.err
configure:3556: $? = 0
configure:3563: test -s conftest.o
configure:3566: $? = 0
configure:3579: result: yes
configure:3519: checking for unistd.h
configure:3540: gcc -c -O3 -g -march=native  conftest.c >&5
configure:3546: $? = 0
configure:3553: test -z "$ac_c_werror_flag" || test ! -s conftest.err
configure:3556: $? = 0
configure:3563: test -s conftest.o
configure:3566: $? = 0
configure:3579: result: yes
configure:3615: checking netinet/in.h usability
configure:3632: gcc -c -O3 -g -march=native  conftest.c >&5
configure:3638: $? = 0
configure:3645: test -z "$ac_c_werror_flag" || test ! -s conftest.err
configure:3648: $? = 0
configure:3655: test -s conftest.o
configure:3658: $? = 0
configure:3669: result: yes
configure:3673: checking netinet/in.h presence
configure:3688: gcc -E  conftest.c
configure:3694: $? = 0
configure:3715: result: yes
configure:3748: checking for netinet/in.h
configure:3756: result: yes
configure:3605: checking for stdint.h
configure:3611: result: yes
configure:3605: checking for stdlib.h
configure:3611: result: yes
configure:3605: checking for string.h
configure:3611: result: yes
configure:3615: checking sys/socket.h usability
configure:3632: gcc -c -O3 -g -march=native  conftest.c >&5
configure:3638: $? = 0
configure:3645: test -z "$ac_c_werror_flag" || test ! -s conftest.err
configure:3648: $? = 0
configure:3655: test -s conftest.o
configure:3658: $? = 0
configure:3669: result: yes
configure:3673: checking sys/socket.h presence
configure:3688: gcc -E  conftest.c
configure:3694: $? = 0
configure:3715: result: yes
configure:3748: checking for sys/socket.h
configure:3756: result: yes
configure:3605: checking for unistd.h
configure:3611: result: yes
configure:3615: checking arpa/inet.h usability
configure:3632: gcc -c -O3 -g -march=native  conftest.c >&5
configure:3638: $? = 0
configure:3645: test -z "$ac_c_werror_flag" || test ! -s conftest.err
configure:3648: $? = 0
configure:3655: test -s conftest.o
configure:3658: $? = 0
configure:3669: result: yes
configure:3673: checking arpa/inet.h presence
configure:3688: gcc -E  conftest.c
configure:3694: $? = 0
configure:3715: result: yes
configure:3748: checking for arpa/inet.h
configure:3756: result: yes
configure:3615: checking netdb.h usability
configure:3632: gcc -c -O3 -g -march=native  conftest.c >&5
configure:3638: $? = 0
configure:3645: test -z "$ac_c_werror_flag" || test ! -s conftest.err
configure:3648: $? = 0
configure:3655: test -s conftest.o
configure:3658: $? = 0
configure:3669: result: yes
configure:3673: checking netdb.h presence
configure:3688: gcc -E  conftest.c
configure:3694: $? = 0
configure:3715: result: yes
configure:3748: checking for netdb.h
configure:3756: result: yes
configure:3615: checking stddef.h usability
configure:3632: gcc -c -O3 -g -march=native  conftest.c >&5
configure:3638: $? = 0
configure:3645: test -z "$ac_c_werror_flag" || test ! -s conftest.err
configure:3648: $? = 0
configure:3655: test -s conftest.o
configure:3658: $? = 0
configure:3669: result: yes
configure:3673: checking stddef.h presence
configure:3688: gcc -E  conftest.c
configure:3694: $? = 0
configure:3715: result: yes
configure:3748: checking for stddef.h
configure:3756: result: yes
configure:3615: checking sys/time.h usability
configure:3632: gcc -c -O3 -g -march=native  conftest.c >&5
configure:3638: $? = 0
configure:3645: test -z "$ac_c_werror_flag" || test ! -s conftest.err
configure:3648: $? = 0
configure:3655: test -s conftest.o
configure:3658: $? = 0
configure:3669: result: yes
configure:3673: checking sys/time.h presence
configure:3688: gcc -E  conftest.c
configure:3694: $? = 0
configure:3715: result: yes
configure:3748: checking for sys/time.h
configure:3756: result: yes
configure:3769: checking for sys/wait.h that is POSIX.1 compatible
configure:3805: gcc -c -O3 -g -march=native  conftest.c >&5
configure:3811: $? = 0
configure:3818: test -z "$ac_c_werror_flag" || test ! -s conftest.err
configure:3821: $? = 0
configure:3828: test -s conftest.o
configure:3831: $? = 0
configure:3843: result: yes
configure:3853: checking whether time.h and sys/time.h may both be included
configure:3883: gcc -c -O3 -g -march=native  conftest.c >&5
configure:3889: $? = 0
configure:3896: test -z "$ac_c_werror_flag" || test ! -s conftest.err
configure:3899: $? = 0
configure:3906: test -s conftest.o
configure:3909: $? = 0
configure:3921: result: yes
configure:3931: checking for struct sockaddr.sa_len
configure:3961: gcc -c -O3 -g -march=native  conftest.c >&5
conftest.c: In function 'main':
conftest.c:38:12: error: 'struct sockaddr' has no member named 'sa_len'
 if (ac_aggr.sa_len)
            ^
configure:3967: $? = 1
configure: failed program was:
| /* confdefs.h.  */
| #define PACKAGE_NAME "sockstress"
| #define PACKAGE_TARNAME "sockstress"
| #define PACKAGE_VERSION "0.0.5"
| #define PACKAGE_STRING "sockstress 0.0.5"
| #define PACKAGE_BUGREPORT "root@localhost"
| #define HAVE_LIBPCAP 1
| #define STDC_HEADERS 1
| #define HAVE_SYS_TYPES_H 1
| #define HAVE_SYS_STAT_H 1
| #define HAVE_STDLIB_H 1
| #define HAVE_STRING_H 1
| #define HAVE_MEMORY_H 1
| #define HAVE_STRINGS_H 1
| #define HAVE_INTTYPES_H 1
| #define HAVE_STDINT_H 1
| #define HAVE_UNISTD_H 1
| #define HAVE_NETINET_IN_H 1
| #define HAVE_STDINT_H 1
| #define HAVE_STDLIB_H 1
| #define HAVE_STRING_H 1
| #define HAVE_SYS_SOCKET_H 1
| #define HAVE_UNISTD_H 1
| #define HAVE_ARPA_INET_H 1
| #define HAVE_NETDB_H 1
| #define HAVE_STDDEF_H 1
| #define HAVE_SYS_TIME_H 1
| #define HAVE_SYS_WAIT_H 1
| #define TIME_WITH_SYS_TIME 1
| /* end confdefs.h.  */
| #include <sys/types.h>
| #include <sys/socket.h>
| 
| int
| main ()
| {
| static struct sockaddr ac_aggr;
| if (ac_aggr.sa_len)
| return 0;
|   ;
|   return 0;
| }
configure:4019: gcc -c -O3 -g -march=native  conftest.c >&5
conftest.c: In function 'main':
conftest.c:38:19: error: 'struct sockaddr' has no member named 'sa_len'
 if (sizeof ac_aggr.sa_len)
                   ^
configure:4025: $? = 1
configure: failed program was:
| /* confdefs.h.  */
| #define PACKAGE_NAME "sockstress"
| #define PACKAGE_TARNAME "sockstress"
| #define PACKAGE_VERSION "0.0.5"
| #define PACKAGE_STRING "sockstress 0.0.5"
| #define PACKAGE_BUGREPORT "root@localhost"
| #define HAVE_LIBPCAP 1
| #define STDC_HEADERS 1
| #define HAVE_SYS_TYPES_H 1
| #define HAVE_SYS_STAT_H 1
| #define HAVE_STDLIB_H 1
| #define HAVE_STRING_H 1
| #define HAVE_MEMORY_H 1
| #define HAVE_STRINGS_H 1
| #define HAVE_INTTYPES_H 1
| #define HAVE_STDINT_H 1
| #define HAVE_UNISTD_H 1
| #define HAVE_NETINET_IN_H 1
| #define HAVE_STDINT_H 1
| #define HAVE_STDLIB_H 1
| #define HAVE_STRING_H 1
| #define HAVE_SYS_SOCKET_H 1
| #define HAVE_UNISTD_H 1
| #define HAVE_ARPA_INET_H 1
| #define HAVE_NETDB_H 1
| #define HAVE_STDDEF_H 1
| #define HAVE_SYS_TIME_H 1
| #define HAVE_SYS_WAIT_H 1
| #define TIME_WITH_SYS_TIME 1
| /* end confdefs.h.  */
| #include <sys/types.h>
| #include <sys/socket.h>
| 
| int
| main ()
| {
| static struct sockaddr ac_aggr;
| if (sizeof ac_aggr.sa_len)
| return 0;
|   ;
|   return 0;
| }
configure:4060: result: no
configure:4072: checking for an ANSI C-conforming const
configure:4147: gcc -c -O3 -g -march=native  conftest.c >&5
configure:4153: $? = 0
configure:4160: test -z "$ac_c_werror_flag" || test ! -s conftest.err
configure:4163: $? = 0
configure:4170: test -s conftest.o
configure:4173: $? = 0
configure:4185: result: yes
configure:4195: checking for inline
configure:4221: gcc -c -O3 -g -march=native  conftest.c >&5
configure:4227: $? = 0
configure:4234: test -z "$ac_c_werror_flag" || test ! -s conftest.err
configure:4237: $? = 0
configure:4244: test -s conftest.o
configure:4247: $? = 0
configure:4262: result: inline
configure:4281: checking for size_t
configure:4311: gcc -c -O3 -g -march=native  conftest.c >&5
configure:4317: $? = 0
configure:4324: test -z "$ac_c_werror_flag" || test ! -s conftest.err
configure:4327: $? = 0
configure:4334: test -s conftest.o
configure:4337: $? = 0
configure:4349: result: yes
configure:4361: checking for pid_t
configure:4391: gcc -c -O3 -g -march=native  conftest.c >&5
configure:4397: $? = 0
configure:4404: test -z "$ac_c_werror_flag" || test ! -s conftest.err
configure:4407: $? = 0
configure:4414: test -s conftest.o
configure:4417: $? = 0
configure:4429: result: yes
configure:4443: checking return type of signal handlers
configure:4471: gcc -c -O3 -g -march=native  conftest.c >&5
conftest.c: In function 'main':
conftest.c:37:9: error: void value not ignored as it ought to be
 return *(signal (0, 0)) (0) == 1;
         ^
configure:4477: $? = 1
configure: failed program was:
| /* confdefs.h.  */
| #define PACKAGE_NAME "sockstress"
| #define PACKAGE_TARNAME "sockstress"
| #define PACKAGE_VERSION "0.0.5"
| #define PACKAGE_STRING "sockstress 0.0.5"
| #define PACKAGE_BUGREPORT "root@localhost"
| #define HAVE_LIBPCAP 1
| #define STDC_HEADERS 1
| #define HAVE_SYS_TYPES_H 1
| #define HAVE_SYS_STAT_H 1
| #define HAVE_STDLIB_H 1
| #define HAVE_STRING_H 1
| #define HAVE_MEMORY_H 1
| #define HAVE_STRINGS_H 1
| #define HAVE_INTTYPES_H 1
| #define HAVE_STDINT_H 1
| #define HAVE_UNISTD_H 1
| #define HAVE_NETINET_IN_H 1
| #define HAVE_STDINT_H 1
| #define HAVE_STDLIB_H 1
| #define HAVE_STRING_H 1
| #define HAVE_SYS_SOCKET_H 1
| #define HAVE_UNISTD_H 1
| #define HAVE_ARPA_INET_H 1
| #define HAVE_NETDB_H 1
| #define HAVE_STDDEF_H 1
| #define HAVE_SYS_TIME_H 1
| #define HAVE_SYS_WAIT_H 1
| #define TIME_WITH_SYS_TIME 1
| /* end confdefs.h.  */
| #include <sys/types.h>
| #include <signal.h>
| 
| int
| main ()
| {
| return *(signal (0, 0)) (0) == 1;
|   ;
|   return 0;
| }
configure:4509: result: void
configure:4531: checking for gethostbyname
configure:4587: gcc -o conftest -O3 -g -march=native   conftest.c -lpcap  >&5
configure:4593: $? = 0
configure:4600: test -z "$ac_c_werror_flag" || test ! -s conftest.err
configure:4603: $? = 0
configure:4610: test -s conftest
configure:4613: $? = 0
configure:4627: result: yes
configure:4531: checking for inet_ntoa
configure:4587: gcc -o conftest -O3 -g -march=native   conftest.c -lpcap  >&5
configure:4593: $? = 0
configure:4600: test -z "$ac_c_werror_flag" || test ! -s conftest.err
configure:4603: $? = 0
configure:4610: test -s conftest
configure:4613: $? = 0
configure:4627: result: yes
configure:4531: checking for memset
configure:4587: gcc -o conftest -O3 -g -march=native   conftest.c -lpcap  >&5
conftest.c:57:6: warning: conflicting types for built-in function 'memset'
 char memset ();
      ^
configure:4593: $? = 0
configure:4600: test -z "$ac_c_werror_flag" || test ! -s conftest.err
configure:4603: $? = 0
configure:4610: test -s conftest
configure:4613: $? = 0
configure:4627: result: yes
configure:4531: checking for socket
configure:4587: gcc -o conftest -O3 -g -march=native   conftest.c -lpcap  >&5
configure:4593: $? = 0
configure:4600: test -z "$ac_c_werror_flag" || test ! -s conftest.err
configure:4603: $? = 0
configure:4610: test -s conftest
configure:4613: $? = 0
configure:4627: result: yes
configure:4531: checking for alarm
configure:4587: gcc -o conftest -O3 -g -march=native   conftest.c -lpcap  >&5
configure:4593: $? = 0
configure:4600: test -z "$ac_c_werror_flag" || test ! -s conftest.err
configure:4603: $? = 0
configure:4610: test -s conftest
configure:4613: $? = 0
configure:4627: result: yes
configure:4531: checking for gettimeofday
configure:4587: gcc -o conftest -O3 -g -march=native   conftest.c -lpcap  >&5
configure:4593: $? = 0
configure:4600: test -z "$ac_c_werror_flag" || test ! -s conftest.err
configure:4603: $? = 0
configure:4610: test -s conftest
configure:4613: $? = 0
configure:4627: result: yes
configure:4531: checking for strchr
configure:4587: gcc -o conftest -O3 -g -march=native   conftest.c -lpcap  >&5
conftest.c:61:6: warning: conflicting types for built-in function 'strchr'
 char strchr ();
      ^
configure:4593: $? = 0
configure:4600: test -z "$ac_c_werror_flag" || test ! -s conftest.err
configure:4603: $? = 0
configure:4610: test -s conftest
configure:4613: $? = 0
configure:4627: result: yes
configure:4531: checking for strrchr
configure:4587: gcc -o conftest -O3 -g -march=native   conftest.c -lpcap  >&5
conftest.c:62:6: warning: conflicting types for built-in function 'strrchr'
 char strrchr ();
      ^
configure:4593: $? = 0
configure:4600: test -z "$ac_c_werror_flag" || test ! -s conftest.err
configure:4603: $? = 0
configure:4610: test -s conftest
configure:4613: $? = 0
configure:4627: result: yes
configure:4531: checking for strstr
configure:4587: gcc -o conftest -O3 -g -march=native   conftest.c -lpcap  >&5
conftest.c:63:6: warning: conflicting types for built-in function 'strstr'
 char strstr ();
      ^
configure:4593: $? = 0
configure:4600: test -z "$ac_c_werror_flag" || test ! -s conftest.err
configure:4603: $? = 0
configure:4610: test -s conftest
configure:4613: $? = 0
configure:4627: result: yes
configure:4531: checking for strerror
configure:4587: gcc -o conftest -O3 -g -march=native   conftest.c -lpcap  >&5
configure:4593: $? = 0
configure:4600: test -z "$ac_c_werror_flag" || test ! -s conftest.err
configure:4603: $? = 0
configure:4610: test -s conftest
configure:4613: $? = 0
configure:4627: result: yes
configure:4531: checking for strdup
configure:4587: gcc -o conftest -O3 -g -march=native   conftest.c -lpcap  >&5
conftest.c:65:6: warning: conflicting types for built-in function 'strdup'
 char strdup ();
      ^
configure:4593: $? = 0
configure:4600: test -z "$ac_c_werror_flag" || test ! -s conftest.err
configure:4603: $? = 0
configure:4610: test -s conftest
configure:4613: $? = 0
configure:4627: result: yes
configure:4637: checking for working memcmp
configure:4690: gcc -o conftest -O3 -g -march=native   conftest.c -lpcap  >&5
configure:4693: $? = 0
configure:4699: ./conftest
configure:4702: $? = 0
configure:4718: result: yes
configure:4742: checking vfork.h usability
configure:4759: gcc -c -O3 -g -march=native  conftest.c >&5
conftest.c:76:19: fatal error: vfork.h: No such file or directory
compilation terminated.
configure:4765: $? = 1
configure: failed program was:
| /* confdefs.h.  */
| #define PACKAGE_NAME "sockstress"
| #define PACKAGE_TARNAME "sockstress"
| #define PACKAGE_VERSION "0.0.5"
| #define PACKAGE_STRING "sockstress 0.0.5"
| #define PACKAGE_BUGREPORT "root@localhost"
| #define HAVE_LIBPCAP 1
| #define STDC_HEADERS 1
| #define HAVE_SYS_TYPES_H 1
| #define HAVE_SYS_STAT_H 1
| #define HAVE_STDLIB_H 1
| #define HAVE_STRING_H 1
| #define HAVE_MEMORY_H 1
| #define HAVE_STRINGS_H 1
| #define HAVE_INTTYPES_H 1
| #define HAVE_STDINT_H 1
| #define HAVE_UNISTD_H 1
| #define HAVE_NETINET_IN_H 1
| #define HAVE_STDINT_H 1
| #define HAVE_STDLIB_H 1
| #define HAVE_STRING_H 1
| #define HAVE_SYS_SOCKET_H 1
| #define HAVE_UNISTD_H 1
| #define HAVE_ARPA_INET_H 1
| #define HAVE_NETDB_H 1
| #define HAVE_STDDEF_H 1
| #define HAVE_SYS_TIME_H 1
| #define HAVE_SYS_WAIT_H 1
| #define TIME_WITH_SYS_TIME 1
| #define RETSIGTYPE void
| #define HAVE_GETHOSTBYNAME 1
| #define HAVE_INET_NTOA 1
| #define HAVE_MEMSET 1
| #define HAVE_SOCKET 1
| #define HAVE_ALARM 1
| #define HAVE_GETTIMEOFDAY 1
| #define HAVE_STRCHR 1
| #define HAVE_STRRCHR 1
| #define HAVE_STRSTR 1
| #define HAVE_STRERROR 1
| #define HAVE_STRDUP 1
| /* end confdefs.h.  */
| #include <stdio.h>
| #if HAVE_SYS_TYPES_H
| # include <sys/types.h>
| #endif
| #if HAVE_SYS_STAT_H
| # include <sys/stat.h>
| #endif
| #if STDC_HEADERS
| # include <stdlib.h>
| # include <stddef.h>
| #else
| # if HAVE_STDLIB_H
| #  include <stdlib.h>
| # endif
| #endif
| #if HAVE_STRING_H
| # if !STDC_HEADERS && HAVE_MEMORY_H
| #  include <memory.h>
| # endif
| # include <string.h>
| #endif
| #if HAVE_STRINGS_H
| # include <strings.h>
| #endif
| #if HAVE_INTTYPES_H
| # include <inttypes.h>
| #endif
| #if HAVE_STDINT_H
| # include <stdint.h>
| #endif
| #if HAVE_UNISTD_H
| # include <unistd.h>
| #endif
| #include <vfork.h>
configure:4796: result: no
configure:4800: checking vfork.h presence
configure:4815: gcc -E  conftest.c
conftest.c:43:19: fatal error: vfork.h: No such file or directory
compilation terminated.
configure:4821: $? = 1
configure: failed program was:
| /* confdefs.h.  */
| #define PACKAGE_NAME "sockstress"
| #define PACKAGE_TARNAME "sockstress"
| #define PACKAGE_VERSION "0.0.5"
| #define PACKAGE_STRING "sockstress 0.0.5"
| #define PACKAGE_BUGREPORT "root@localhost"
| #define HAVE_LIBPCAP 1
| #define STDC_HEADERS 1
| #define HAVE_SYS_TYPES_H 1
| #define HAVE_SYS_STAT_H 1
| #define HAVE_STDLIB_H 1
| #define HAVE_STRING_H 1
| #define HAVE_MEMORY_H 1
| #define HAVE_STRINGS_H 1
| #define HAVE_INTTYPES_H 1
| #define HAVE_STDINT_H 1
| #define HAVE_UNISTD_H 1
| #define HAVE_NETINET_IN_H 1
| #define HAVE_STDINT_H 1
| #define HAVE_STDLIB_H 1
| #define HAVE_STRING_H 1
| #define HAVE_SYS_SOCKET_H 1
| #define HAVE_UNISTD_H 1
| #define HAVE_ARPA_INET_H 1
| #define HAVE_NETDB_H 1
| #define HAVE_STDDEF_H 1
| #define HAVE_SYS_TIME_H 1
| #define HAVE_SYS_WAIT_H 1
| #define TIME_WITH_SYS_TIME 1
| #define RETSIGTYPE void
| #define HAVE_GETHOSTBYNAME 1
| #define HAVE_INET_NTOA 1
| #define HAVE_MEMSET 1
| #define HAVE_SOCKET 1
| #define HAVE_ALARM 1
| #define HAVE_GETTIMEOFDAY 1
| #define HAVE_STRCHR 1
| #define HAVE_STRRCHR 1
| #define HAVE_STRSTR 1
| #define HAVE_STRERROR 1
| #define HAVE_STRDUP 1
| /* end confdefs.h.  */
| #include <vfork.h>
configure:4842: result: no
configure:4875: checking for vfork.h
configure:4883: result: no
configure:4901: checking for fork
configure:4957: gcc -o conftest -O3 -g -march=native   conftest.c -lpcap  >&5
conftest.c:66:6: warning: conflicting types for built-in function 'fork'
 char fork ();
      ^
configure:4963: $? = 0
configure:4970: test -z "$ac_c_werror_flag" || test ! -s conftest.err
configure:4973: $? = 0
configure:4980: test -s conftest
configure:4983: $? = 0
configure:4997: result: yes
configure:4901: checking for vfork
configure:4957: gcc -o conftest -O3 -g -march=native   conftest.c -lpcap  >&5
configure:4963: $? = 0
configure:4970: test -z "$ac_c_werror_flag" || test ! -s conftest.err
configure:4973: $? = 0
configure:4980: test -s conftest
configure:4983: $? = 0
configure:4997: result: yes
configure:5008: checking for working fork
configure:5040: gcc -o conftest -O3 -g -march=native   conftest.c -lpcap  >&5
configure:5043: $? = 0
configure:5049: ./conftest
configure:5052: $? = 0
configure:5068: result: yes
configure:5089: checking for working vfork
configure:5227: result: yes
configure:5263: checking for stdlib.h
configure:5269: result: yes
configure:5427: checking for GNU libc compatible malloc
configure:5461: gcc -o conftest -O3 -g -march=native   conftest.c -lpcap  >&5
configure:5464: $? = 0
configure:5470: ./conftest
configure:5473: $? = 0
configure:5489: result: yes
configure:5522: checking for stdlib.h
configure:5528: result: yes
configure:5686: checking for GNU libc compatible realloc
configure:5720: gcc -o conftest -O3 -g -march=native   conftest.c -lpcap  >&5
configure:5723: $? = 0
configure:5729: ./conftest
configure:5732: $? = 0
configure:5748: result: yes
configure:5778: checking for /proc/net/route
configure:5793: result: yes
configure:5803: checking for /proc/net/arp
configure:5818: result: yes
configure:5830: checking whether byte ordering is bigendian
configure:5862: gcc -c -O3 -g -march=native  conftest.c >&5
configure:5868: $? = 0
configure:5875: test -z "$ac_c_werror_flag" || test ! -s conftest.err
configure:5878: $? = 0
configure:5885: test -s conftest.o
configure:5888: $? = 0
configure:5917: gcc -c -O3 -g -march=native  conftest.c >&5
conftest.c: In function 'main':
conftest.c:58:2: error: unknown type name 'not'
  not big endian
  ^
conftest.c:58:10: error: expected '=', ',', ';', 'asm' or '__attribute__' before 'endian'
  not big endian
          ^
configure:5923: $? = 1
configure: failed program was:
| /* confdefs.h.  */
| #define PACKAGE_NAME "sockstress"
| #define PACKAGE_TARNAME "sockstress"
| #define PACKAGE_VERSION "0.0.5"
| #define PACKAGE_STRING "sockstress 0.0.5"
| #define PACKAGE_BUGREPORT "root@localhost"
| #define HAVE_LIBPCAP 1
| #define STDC_HEADERS 1
| #define HAVE_SYS_TYPES_H 1
| #define HAVE_SYS_STAT_H 1
| #define HAVE_STDLIB_H 1
| #define HAVE_STRING_H 1
| #define HAVE_MEMORY_H 1
| #define HAVE_STRINGS_H 1
| #define HAVE_INTTYPES_H 1
| #define HAVE_STDINT_H 1
| #define HAVE_UNISTD_H 1
| #define HAVE_NETINET_IN_H 1
| #define HAVE_STDINT_H 1
| #define HAVE_STDLIB_H 1
| #define HAVE_STRING_H 1
| #define HAVE_SYS_SOCKET_H 1
| #define HAVE_UNISTD_H 1
| #define HAVE_ARPA_INET_H 1
| #define HAVE_NETDB_H 1
| #define HAVE_STDDEF_H 1
| #define HAVE_SYS_TIME_H 1
| #define HAVE_SYS_WAIT_H 1
| #define TIME_WITH_SYS_TIME 1
| #define RETSIGTYPE void
| #define HAVE_GETHOSTBYNAME 1
| #define HAVE_INET_NTOA 1
| #define HAVE_MEMSET 1
| #define HAVE_SOCKET 1
| #define HAVE_ALARM 1
| #define HAVE_GETTIMEOFDAY 1
| #define HAVE_STRCHR 1
| #define HAVE_STRRCHR 1
| #define HAVE_STRSTR 1
| #define HAVE_STRERROR 1
| #define HAVE_STRDUP 1
| #define HAVE_FORK 1
| #define HAVE_VFORK 1
| #define HAVE_WORKING_VFORK 1
| #define HAVE_WORKING_FORK 1
| #define HAVE_STDLIB_H 1
| #define HAVE_MALLOC 1
| #define HAVE_STDLIB_H 1
| #define HAVE_REALLOC 1
| /* end confdefs.h.  */
| #include <sys/types.h>
| #include <sys/param.h>
| 
| int
| main ()
| {
| #if BYTE_ORDER != BIG_ENDIAN
|  not big endian
| #endif
| 
|   ;
|   return 0;
| }
configure:6097: result: no
configure:6222: creating ./config.status

## ---------------------- ##
## Running config.status. ##
## ---------------------- ##

This file was extended by sockstress config.status 0.0.5, which was
generated by GNU Autoconf 2.60.  Invocation command line was

  CONFIG_FILES    = 
  CONFIG_HEADERS  = 
  CONFIG_LINKS    = 
  CONFIG_COMMANDS = 
  $ ./config.status 

on proton.srlabs.de

config.status:581: creating Makefile
config.status:581: creating Makefile.inc
config.status:581: creating config.h
config.status:835: config.h is unchanged

## ---------------- ##
## Cache variables. ##
## ---------------- ##

ac_cv_c_bigendian=no
ac_cv_c_compiler_gnu=yes
ac_cv_c_const=yes
ac_cv_c_inline=inline
ac_cv_env_CC_set=
ac_cv_env_CC_value=
ac_cv_env_CFLAGS_set=set
ac_cv_env_CFLAGS_value='-O3 -g -march=native'
ac_cv_env_CPPFLAGS_set=
ac_cv_env_CPPFLAGS_value=
ac_cv_env_CPP_set=
ac_cv_env_CPP_value=
ac_cv_env_LDFLAGS_set=
ac_cv_env_LDFLAGS_value=
ac_cv_env_build_alias_set=
ac_cv_env_build_alias_value=
ac_cv_env_host_alias_set=
ac_cv_env_host_alias_value=
ac_cv_env_target_alias_set=
ac_cv_env_target_alias_value=
ac_cv_file__proc_net_arp=yes
ac_cv_file__proc_net_route=yes
ac_cv_func_alarm=yes
ac_cv_func_fork=yes
ac_cv_func_fork_works=yes
ac_cv_func_gethostbyname=yes
ac_cv_func_gettimeofday=yes
ac_cv_func_inet_ntoa=yes
ac_cv_func_malloc_0_nonnull=yes
ac_cv_func_memcmp_working=yes
ac_cv_func_memset=yes
ac_cv_func_realloc_0_nonnull=yes
ac_cv_func_socket=yes
ac_cv_func_strchr=yes
ac_cv_func_strdup=yes
ac_cv_func_strerror=yes
ac_cv_func_strrchr=yes
ac_cv_func_strstr=yes
ac_cv_func_vfork=yes
ac_cv_func_vfork_works=yes
ac_cv_header_arpa_inet_h=yes
ac_cv_header_inttypes_h=yes
ac_cv_header_memory_h=yes
ac_cv_header_netdb_h=yes
ac_cv_header_netinet_in_h=yes
ac_cv_header_stdc=yes
ac_cv_header_stddef_h=yes
ac_cv_header_stdint_h=yes
ac_cv_header_stdlib_h=yes
ac_cv_header_string_h=yes
ac_cv_header_strings_h=yes
ac_cv_header_sys_socket_h=yes
ac_cv_header_sys_stat_h=yes
ac_cv_header_sys_time_h=yes
ac_cv_header_sys_types_h=yes
ac_cv_header_sys_wait_h=yes
ac_cv_header_time=yes
ac_cv_header_unistd_h=yes
ac_cv_header_vfork_h=no
ac_cv_lib_pcap_pcap_inject=yes
ac_cv_member_struct_sockaddr_sa_len=no
ac_cv_objext=o
ac_cv_path_EGREP='/bin/grep -E'
ac_cv_path_GREP=/bin/grep
ac_cv_prog_CPP='gcc -E'
ac_cv_prog_ac_ct_CC=gcc
ac_cv_prog_ac_ct_RANLIB=ranlib
ac_cv_prog_cc_c89=
ac_cv_prog_cc_g=yes
ac_cv_prog_make_make_set=yes
ac_cv_type_pid_t=yes
ac_cv_type_signal=void
ac_cv_type_size_t=yes

## ----------------- ##
## Output variables. ##
## ----------------- ##

CC='gcc'
CFLAGS='-O3 -g -march=native'
CPP='gcc -E'
CPPFLAGS=''
DEFS='-DHAVE_CONFIG_H'
ECHO_C=''
ECHO_N='-n'
ECHO_T=''
EGREP='/bin/grep -E'
EXEEXT=''
GREP='/bin/grep'
LDFLAGS=''
LIBOBJS=''
LIBS='-lpcap '
LTLIBOBJS=''
OBJEXT='o'
PACKAGE_BUGREPORT='root@localhost'
PACKAGE_NAME='sockstress'
PACKAGE_STRING='sockstress 0.0.5'
PACKAGE_TARNAME='sockstress'
PACKAGE_VERSION='0.0.5'
PATH_SEPARATOR=':'
RANLIB='ranlib'
SET_MAKE=''
SHELL='/bin/sh'
ac_ct_CC='gcc'
bindir='${exec_prefix}/bin'
build_alias=''
datadir='${datarootdir}'
datarootdir='${prefix}/share'
docdir='${datarootdir}/doc/${PACKAGE_TARNAME}'
dvidir='${docdir}'
exec_prefix='${prefix}'
host_alias=''
htmldir='${docdir}'
includedir='${prefix}/include'
infodir='${datarootdir}/info'
libdir='${exec_prefix}/lib64'
libexecdir='${exec_prefix}/libexec'
localedir='${datarootdir}/locale'
localstatedir='/var'
mandir='${datarootdir}/man'
oldincludedir='/usr/include'
pdfdir='${docdir}'
prefix='/usr'
program_transform_name='s,x,x,'
psdir='${docdir}'
sbindir='${exec_prefix}/sbin'
sharedstatedir='/var'
sysconfdir='/etc'
target_alias=''

## ----------- ##
## confdefs.h. ##
## ----------- ##

#define PACKAGE_NAME "sockstress"
#define PACKAGE_TARNAME "sockstress"
#define PACKAGE_VERSION "0.0.5"
#define PACKAGE_STRING "sockstress 0.0.5"
#define PACKAGE_BUGREPORT "root@localhost"
#define HAVE_LIBPCAP 1
#define STDC_HEADERS 1
#define HAVE_SYS_TYPES_H 1
#define HAVE_SYS_STAT_H 1
#define HAVE_STDLIB_H 1
#define HAVE_STRING_H 1
#define HAVE_MEMORY_H 1
#define HAVE_STRINGS_H 1
#define HAVE_INTTYPES_H 1
#define HAVE_STDINT_H 1
#define HAVE_UNISTD_H 1
#define HAVE_NETINET_IN_H 1
#define HAVE_STDINT_H 1
#define HAVE_STDLIB_H 1
#define HAVE_STRING_H 1
#define HAVE_SYS_SOCKET_H 1
#define HAVE_UNISTD_H 1
#define HAVE_ARPA_INET_H 1
#define HAVE_NETDB_H 1
#define HAVE_STDDEF_H 1
#define HAVE_SYS_TIME_H 1
#define HAVE_SYS_WAIT_H 1
#define TIME_WITH_SYS_TIME 1
#define RETSIGTYPE void
#define HAVE_GETHOSTBYNAME 1
#define HAVE_INET_NTOA 1
#define HAVE_MEMSET 1
#define HAVE_SOCKET 1
#define HAVE_ALARM 1
#define HAVE_GETTIMEOFDAY 1
#define HAVE_STRCHR 1
#define HAVE_STRRCHR 1
#define HAVE_STRSTR 1
#define HAVE_STRERROR 1
#define HAVE_STRDUP 1
#define HAVE_FORK 1
#define HAVE_VFORK 1
#define HAVE_WORKING_VFORK 1
#define HAVE_WORKING_FORK 1
#define HAVE_STDLIB_H 1
#define HAVE_MALLOC 1
#define HAVE_STDLIB_H 1
#define HAVE_REALLOC 1

configure: exit 0
